  test.c
test.obj : error LNK2019: 无法解析的外部符号 _PushBackVector，函数 _TestVector1 中引用了该符号
E:\C++Code\Code\2022\January\1\test-1-1-2\Debug\test-1-1-2.exe : fatal error LNK1120: 1 个无法解析的外部命令
